<?xml version="1.0" encoding="UTF-8"?>
<testsuite xmlns:xsi="http://www.w3.org/2001/XMLSchema-instance" xsi:noNamespaceSchemaLocation="https://maven.apache.org/surefire/maven-surefire-plugin/xsd/surefire-test-report.xsd" name="TestSuite" time="22.071" tests="1" errors="0" skipped="0" failures="1">
  <properties>
    <property name="sun.desktop" value="windows"/>
    <property name="awt.toolkit" value="sun.awt.windows.WToolkit"/>
    <property name="file.encoding.pkg" value="sun.io"/>
    <property name="java.specification.version" value="1.8"/>
    <property name="sun.cpu.isalist" value="amd64"/>
    <property name="sun.jnu.encoding" value="Cp1252"/>
    <property name="java.class.path" value="C:\Users\abhilash.sharma\Desktop\Github Pages\SeleniumCucumber\target\test-classes;C:\Users\abhilash.sharma\Desktop\Github Pages\SeleniumCucumber\target\classes;C:\Users\abhilash.sharma\.m2\repository\org\seleniumhq\selenium\selenium-java\3.12.0\selenium-java-3.12.0.jar;C:\Users\abhilash.sharma\.m2\repository\org\seleniumhq\selenium\selenium-api\3.12.0\selenium-api-3.12.0.jar;C:\Users\abhilash.sharma\.m2\repository\org\seleniumhq\selenium\selenium-chrome-driver\3.12.0\selenium-chrome-driver-3.12.0.jar;C:\Users\abhilash.sharma\.m2\repository\org\seleniumhq\selenium\selenium-edge-driver\3.12.0\selenium-edge-driver-3.12.0.jar;C:\Users\abhilash.sharma\.m2\repository\org\seleniumhq\selenium\selenium-firefox-driver\3.12.0\selenium-firefox-driver-3.12.0.jar;C:\Users\abhilash.sharma\.m2\repository\org\seleniumhq\selenium\selenium-ie-driver\3.12.0\selenium-ie-driver-3.12.0.jar;C:\Users\abhilash.sharma\.m2\repository\org\seleniumhq\selenium\selenium-opera-driver\3.12.0\selenium-opera-driver-3.12.0.jar;C:\Users\abhilash.sharma\.m2\repository\org\seleniumhq\selenium\selenium-remote-driver\3.12.0\selenium-remote-driver-3.12.0.jar;C:\Users\abhilash.sharma\.m2\repository\org\seleniumhq\selenium\selenium-safari-driver\3.12.0\selenium-safari-driver-3.12.0.jar;C:\Users\abhilash.sharma\.m2\repository\org\seleniumhq\selenium\selenium-support\3.12.0\selenium-support-3.12.0.jar;C:\Users\abhilash.sharma\.m2\repository\net\bytebuddy\byte-buddy\1.8.3\byte-buddy-1.8.3.jar;C:\Users\abhilash.sharma\.m2\repository\org\apache\commons\commons-exec\1.3\commons-exec-1.3.jar;C:\Users\abhilash.sharma\.m2\repository\commons-codec\commons-codec\1.10\commons-codec-1.10.jar;C:\Users\abhilash.sharma\.m2\repository\commons-logging\commons-logging\1.2\commons-logging-1.2.jar;C:\Users\abhilash.sharma\.m2\repository\com\google\code\gson\gson\2.8.2\gson-2.8.2.jar;C:\Users\abhilash.sharma\.m2\repository\com\google\guava\guava\23.6-jre\guava-23.6-jre.jar;C:\Users\abhilash.sharma\.m2\repository\com\google\code\findbugs\jsr305\1.3.9\jsr305-1.3.9.jar;C:\Users\abhilash.sharma\.m2\repository\org\checkerframework\checker-compat-qual\2.0.0\checker-compat-qual-2.0.0.jar;C:\Users\abhilash.sharma\.m2\repository\com\google\errorprone\error_prone_annotations\2.1.3\error_prone_annotations-2.1.3.jar;C:\Users\abhilash.sharma\.m2\repository\com\google\j2objc\j2objc-annotations\1.1\j2objc-annotations-1.1.jar;C:\Users\abhilash.sharma\.m2\repository\org\codehaus\mojo\animal-sniffer-annotations\1.14\animal-sniffer-annotations-1.14.jar;C:\Users\abhilash.sharma\.m2\repository\org\apache\httpcomponents\httpclient\4.5.3\httpclient-4.5.3.jar;C:\Users\abhilash.sharma\.m2\repository\org\apache\httpcomponents\httpcore\4.4.6\httpcore-4.4.6.jar;C:\Users\abhilash.sharma\.m2\repository\com\squareup\okhttp3\okhttp\3.9.1\okhttp-3.9.1.jar;C:\Users\abhilash.sharma\.m2\repository\com\squareup\okio\okio\1.13.0\okio-1.13.0.jar;C:\Users\abhilash.sharma\.m2\repository\org\testng\testng\6.14.3\testng-6.14.3.jar;C:\Users\abhilash.sharma\.m2\repository\com\beust\jcommander\1.72\jcommander-1.72.jar;C:\Users\abhilash.sharma\.m2\repository\org\apache-extras\beanshell\bsh\2.0b6\bsh-2.0b6.jar;C:\Users\abhilash.sharma\.m2\repository\info\cukes\cucumber-java\1.2.5\cucumber-java-1.2.5.jar;C:\Users\abhilash.sharma\.m2\repository\info\cukes\cucumber-core\1.2.5\cucumber-core-1.2.5.jar;C:\Users\abhilash.sharma\.m2\repository\info\cukes\cucumber-html\0.2.3\cucumber-html-0.2.3.jar;C:\Users\abhilash.sharma\.m2\repository\info\cukes\gherkin\2.12.2\gherkin-2.12.2.jar;C:\Users\abhilash.sharma\.m2\repository\info\cukes\cucumber-jvm-deps\1.0.5\cucumber-jvm-deps-1.0.5.jar;C:\Users\abhilash.sharma\.m2\repository\info\cukes\cucumber-testng\1.2.5\cucumber-testng-1.2.5.jar;C:\Users\abhilash.sharma\.m2\repository\net\masterthought\cucumber-reporting\3.8.0\cucumber-reporting-3.8.0.jar;C:\Users\abhilash.sharma\.m2\repository\org\apache\logging\log4j\log4j-api\2.6\log4j-api-2.6.jar;C:\Users\abhilash.sharma\.m2\repository\org\apache\logging\log4j\log4j-core\2.6\log4j-core-2.6.jar;C:\Users\abhilash.sharma\.m2\repository\com\fasterxml\jackson\core\jackson-databind\2.8.5\jackson-databind-2.8.5.jar;C:\Users\abhilash.sharma\.m2\repository\com\fasterxml\jackson\core\jackson-annotations\2.8.0\jackson-annotations-2.8.0.jar;C:\Users\abhilash.sharma\.m2\repository\com\fasterxml\jackson\core\jackson-core\2.8.5\jackson-core-2.8.5.jar;C:\Users\abhilash.sharma\.m2\repository\org\apache\velocity\velocity\1.7\velocity-1.7.jar;C:\Users\abhilash.sharma\.m2\repository\commons-collections\commons-collections\3.2.1\commons-collections-3.2.1.jar;C:\Users\abhilash.sharma\.m2\repository\commons-lang\commons-lang\2.4\commons-lang-2.4.jar;C:\Users\abhilash.sharma\.m2\repository\velocity-tools\velocity-tools\1.4\velocity-tools-1.4.jar;C:\Users\abhilash.sharma\.m2\repository\joda-time\joda-time\2.9.6\joda-time-2.9.6.jar;C:\Users\abhilash.sharma\.m2\repository\org\apache\commons\commons-lang3\3.5\commons-lang3-3.5.jar;C:\Users\abhilash.sharma\.m2\repository\commons-io\commons-io\2.5\commons-io-2.5.jar;C:\Users\abhilash.sharma\.m2\repository\net\lingala\zip4j\zip4j\1.3.2\zip4j-1.3.2.jar;C:\Users\abhilash.sharma\.m2\repository\org\codehaus\plexus\plexus-utils\3.0.24\plexus-utils-3.0.24.jar;C:\Users\abhilash.sharma\.m2\repository\org\jsoup\jsoup\1.10.1\jsoup-1.10.1.jar;C:\Users\abhilash.sharma\.m2\repository\com\googlecode\owasp-java-html-sanitizer\owasp-java-html-sanitizer\20160924.1\owasp-java-html-sanitizer-20160924.1.jar;C:\Users\abhilash.sharma\.m2\repository\log4j\log4j\1.2.17\log4j-1.2.17.jar;C:\Users\abhilash.sharma\.m2\repository\org\apache\maven\surefire\surefire-testng-utils\2.22.0\surefire-testng-utils-2.22.0.jar;C:\Users\abhilash.sharma\.m2\repository\org\apache\maven\surefire\surefire-grouper\2.22.0\surefire-grouper-2.22.0.jar;"/>
    <property name="java.vm.vendor" value="Oracle Corporation"/>
    <property name="sun.arch.data.model" value="64"/>
    <property name="user.variant" value=""/>
    <property name="java.vendor.url" value="http://java.oracle.com/"/>
    <property name="user.timezone" value="Asia/Calcutta"/>
    <property name="java.vm.specification.version" value="1.8"/>
    <property name="os.name" value="Windows 10"/>
    <property name="user.country" value="IN"/>
    <property name="sun.java.launcher" value="SUN_STANDARD"/>
    <property name="sun.boot.library.path" value="C:\Program Files\Java\jdk1.8.0_161\jre\bin"/>
    <property name="sun.java.command" value="C:\Users\abhilash.sharma\AppData\Local\Temp\surefire5496666666579146314\surefirebooter449033187420140001.jar C:\Users\abhilash.sharma\AppData\Local\Temp\surefire5496666666579146314 2018-07-30T00-05-53_738-jvmRun1 surefire273118804264368897tmp surefire_0538081978747147730tmp"/>
    <property name="surefire.test.class.path" value="C:\Users\abhilash.sharma\Desktop\Github Pages\SeleniumCucumber\target\test-classes;C:\Users\abhilash.sharma\Desktop\Github Pages\SeleniumCucumber\target\classes;C:\Users\abhilash.sharma\.m2\repository\org\seleniumhq\selenium\selenium-java\3.12.0\selenium-java-3.12.0.jar;C:\Users\abhilash.sharma\.m2\repository\org\seleniumhq\selenium\selenium-api\3.12.0\selenium-api-3.12.0.jar;C:\Users\abhilash.sharma\.m2\repository\org\seleniumhq\selenium\selenium-chrome-driver\3.12.0\selenium-chrome-driver-3.12.0.jar;C:\Users\abhilash.sharma\.m2\repository\org\seleniumhq\selenium\selenium-edge-driver\3.12.0\selenium-edge-driver-3.12.0.jar;C:\Users\abhilash.sharma\.m2\repository\org\seleniumhq\selenium\selenium-firefox-driver\3.12.0\selenium-firefox-driver-3.12.0.jar;C:\Users\abhilash.sharma\.m2\repository\org\seleniumhq\selenium\selenium-ie-driver\3.12.0\selenium-ie-driver-3.12.0.jar;C:\Users\abhilash.sharma\.m2\repository\org\seleniumhq\selenium\selenium-opera-driver\3.12.0\selenium-opera-driver-3.12.0.jar;C:\Users\abhilash.sharma\.m2\repository\org\seleniumhq\selenium\selenium-remote-driver\3.12.0\selenium-remote-driver-3.12.0.jar;C:\Users\abhilash.sharma\.m2\repository\org\seleniumhq\selenium\selenium-safari-driver\3.12.0\selenium-safari-driver-3.12.0.jar;C:\Users\abhilash.sharma\.m2\repository\org\seleniumhq\selenium\selenium-support\3.12.0\selenium-support-3.12.0.jar;C:\Users\abhilash.sharma\.m2\repository\net\bytebuddy\byte-buddy\1.8.3\byte-buddy-1.8.3.jar;C:\Users\abhilash.sharma\.m2\repository\org\apache\commons\commons-exec\1.3\commons-exec-1.3.jar;C:\Users\abhilash.sharma\.m2\repository\commons-codec\commons-codec\1.10\commons-codec-1.10.jar;C:\Users\abhilash.sharma\.m2\repository\commons-logging\commons-logging\1.2\commons-logging-1.2.jar;C:\Users\abhilash.sharma\.m2\repository\com\google\code\gson\gson\2.8.2\gson-2.8.2.jar;C:\Users\abhilash.sharma\.m2\repository\com\google\guava\guava\23.6-jre\guava-23.6-jre.jar;C:\Users\abhilash.sharma\.m2\repository\com\google\code\findbugs\jsr305\1.3.9\jsr305-1.3.9.jar;C:\Users\abhilash.sharma\.m2\repository\org\checkerframework\checker-compat-qual\2.0.0\checker-compat-qual-2.0.0.jar;C:\Users\abhilash.sharma\.m2\repository\com\google\errorprone\error_prone_annotations\2.1.3\error_prone_annotations-2.1.3.jar;C:\Users\abhilash.sharma\.m2\repository\com\google\j2objc\j2objc-annotations\1.1\j2objc-annotations-1.1.jar;C:\Users\abhilash.sharma\.m2\repository\org\codehaus\mojo\animal-sniffer-annotations\1.14\animal-sniffer-annotations-1.14.jar;C:\Users\abhilash.sharma\.m2\repository\org\apache\httpcomponents\httpclient\4.5.3\httpclient-4.5.3.jar;C:\Users\abhilash.sharma\.m2\repository\org\apache\httpcomponents\httpcore\4.4.6\httpcore-4.4.6.jar;C:\Users\abhilash.sharma\.m2\repository\com\squareup\okhttp3\okhttp\3.9.1\okhttp-3.9.1.jar;C:\Users\abhilash.sharma\.m2\repository\com\squareup\okio\okio\1.13.0\okio-1.13.0.jar;C:\Users\abhilash.sharma\.m2\repository\org\testng\testng\6.14.3\testng-6.14.3.jar;C:\Users\abhilash.sharma\.m2\repository\com\beust\jcommander\1.72\jcommander-1.72.jar;C:\Users\abhilash.sharma\.m2\repository\org\apache-extras\beanshell\bsh\2.0b6\bsh-2.0b6.jar;C:\Users\abhilash.sharma\.m2\repository\info\cukes\cucumber-java\1.2.5\cucumber-java-1.2.5.jar;C:\Users\abhilash.sharma\.m2\repository\info\cukes\cucumber-core\1.2.5\cucumber-core-1.2.5.jar;C:\Users\abhilash.sharma\.m2\repository\info\cukes\cucumber-html\0.2.3\cucumber-html-0.2.3.jar;C:\Users\abhilash.sharma\.m2\repository\info\cukes\gherkin\2.12.2\gherkin-2.12.2.jar;C:\Users\abhilash.sharma\.m2\repository\info\cukes\cucumber-jvm-deps\1.0.5\cucumber-jvm-deps-1.0.5.jar;C:\Users\abhilash.sharma\.m2\repository\info\cukes\cucumber-testng\1.2.5\cucumber-testng-1.2.5.jar;C:\Users\abhilash.sharma\.m2\repository\net\masterthought\cucumber-reporting\3.8.0\cucumber-reporting-3.8.0.jar;C:\Users\abhilash.sharma\.m2\repository\org\apache\logging\log4j\log4j-api\2.6\log4j-api-2.6.jar;C:\Users\abhilash.sharma\.m2\repository\org\apache\logging\log4j\log4j-core\2.6\log4j-core-2.6.jar;C:\Users\abhilash.sharma\.m2\repository\com\fasterxml\jackson\core\jackson-databind\2.8.5\jackson-databind-2.8.5.jar;C:\Users\abhilash.sharma\.m2\repository\com\fasterxml\jackson\core\jackson-annotations\2.8.0\jackson-annotations-2.8.0.jar;C:\Users\abhilash.sharma\.m2\repository\com\fasterxml\jackson\core\jackson-core\2.8.5\jackson-core-2.8.5.jar;C:\Users\abhilash.sharma\.m2\repository\org\apache\velocity\velocity\1.7\velocity-1.7.jar;C:\Users\abhilash.sharma\.m2\repository\commons-collections\commons-collections\3.2.1\commons-collections-3.2.1.jar;C:\Users\abhilash.sharma\.m2\repository\commons-lang\commons-lang\2.4\commons-lang-2.4.jar;C:\Users\abhilash.sharma\.m2\repository\velocity-tools\velocity-tools\1.4\velocity-tools-1.4.jar;C:\Users\abhilash.sharma\.m2\repository\joda-time\joda-time\2.9.6\joda-time-2.9.6.jar;C:\Users\abhilash.sharma\.m2\repository\org\apache\commons\commons-lang3\3.5\commons-lang3-3.5.jar;C:\Users\abhilash.sharma\.m2\repository\commons-io\commons-io\2.5\commons-io-2.5.jar;C:\Users\abhilash.sharma\.m2\repository\net\lingala\zip4j\zip4j\1.3.2\zip4j-1.3.2.jar;C:\Users\abhilash.sharma\.m2\repository\org\codehaus\plexus\plexus-utils\3.0.24\plexus-utils-3.0.24.jar;C:\Users\abhilash.sharma\.m2\repository\org\jsoup\jsoup\1.10.1\jsoup-1.10.1.jar;C:\Users\abhilash.sharma\.m2\repository\com\googlecode\owasp-java-html-sanitizer\owasp-java-html-sanitizer\20160924.1\owasp-java-html-sanitizer-20160924.1.jar;C:\Users\abhilash.sharma\.m2\repository\log4j\log4j\1.2.17\log4j-1.2.17.jar;C:\Users\abhilash.sharma\.m2\repository\org\apache\maven\surefire\surefire-testng-utils\2.22.0\surefire-testng-utils-2.22.0.jar;C:\Users\abhilash.sharma\.m2\repository\org\apache\maven\surefire\surefire-grouper\2.22.0\surefire-grouper-2.22.0.jar;"/>
    <property name="sun.cpu.endian" value="little"/>
    <property name="user.home" value="C:\Users\abhilash.sharma"/>
    <property name="user.language" value="en"/>
    <property name="java.specification.vendor" value="Oracle Corporation"/>
    <property name="java.home" value="C:\Program Files\Java\jdk1.8.0_161\jre"/>
    <property name="basedir" value="C:\Users\abhilash.sharma\Desktop\Github Pages\SeleniumCucumber"/>
    <property name="file.separator" value="\"/>
    <property name="line.separator" value="&#10;"/>
    <property name="java.vm.specification.vendor" value="Oracle Corporation"/>
    <property name="java.specification.name" value="Java Platform API Specification"/>
    <property name="java.awt.graphicsenv" value="sun.awt.Win32GraphicsEnvironment"/>
    <property name="surefire.real.class.path" value="C:\Users\abhilash.sharma\AppData\Local\Temp\surefire5496666666579146314\surefirebooter449033187420140001.jar"/>
    <property name="sun.boot.class.path" value="C:\Program Files\Java\jdk1.8.0_161\jre\lib\resources.jar;C:\Program Files\Java\jdk1.8.0_161\jre\lib\rt.jar;C:\Program Files\Java\jdk1.8.0_161\jre\lib\sunrsasign.jar;C:\Program Files\Java\jdk1.8.0_161\jre\lib\jsse.jar;C:\Program Files\Java\jdk1.8.0_161\jre\lib\jce.jar;C:\Program Files\Java\jdk1.8.0_161\jre\lib\charsets.jar;C:\Program Files\Java\jdk1.8.0_161\jre\lib\jfr.jar;C:\Program Files\Java\jdk1.8.0_161\jre\classes"/>
    <property name="user.script" value=""/>
    <property name="sun.management.compiler" value="HotSpot 64-Bit Tiered Compilers"/>
    <property name="java.runtime.version" value="1.8.0_161-b12"/>
    <property name="user.name" value="abhilash.sharma"/>
    <property name="path.separator" value=";"/>
    <property name="os.version" value="10.0"/>
    <property name="java.endorsed.dirs" value="C:\Program Files\Java\jdk1.8.0_161\jre\lib\endorsed"/>
    <property name="java.runtime.name" value="Java(TM) SE Runtime Environment"/>
    <property name="file.encoding" value="Cp1252"/>
    <property name="java.vm.name" value="Java HotSpot(TM) 64-Bit Server VM"/>
    <property name="localRepository" value="C:\Users\abhilash.sharma\.m2\repository"/>
    <property name="java.vendor.url.bug" value="http://bugreport.sun.com/bugreport/"/>
    <property name="java.io.tmpdir" value="C:\Users\abhilash.sharma\AppData\Local\Temp\"/>
    <property name="java.version" value="1.8.0_161"/>
    <property name="user.dir" value="C:\Users\abhilash.sharma\Desktop\Github Pages\SeleniumCucumber"/>
    <property name="os.arch" value="amd64"/>
    <property name="java.vm.specification.name" value="Java Virtual Machine Specification"/>
    <property name="java.awt.printerjob" value="sun.awt.windows.WPrinterJob"/>
    <property name="sun.os.patch.level" value=""/>
    <property name="java.library.path" value="C:\Program Files\Java\jdk1.8.0_161\jre\bin;C:\WINDOWS\Sun\Java\bin;C:\WINDOWS\system32;C:\WINDOWS;C:\Program Files\Docker\Docker\Resources\bin;C:\Program Files (x86)\Common Files\Oracle\Java\javapath;C:\ProgramData\Oracle\Java\javapath;C:\Program Files (x86)\Intel\iCLS Client\;C:\Program Files\Intel\iCLS Client\;C:\Windows\system32;C:\Windows;C:\Windows\System32\Wbem;C:\Windows\System32\WindowsPowerShell\v1.0\;C:\Program Files (x86)\Intel\Intel(R) Management Engine Components\DAL;C:\Program Files\Intel\Intel(R) Management Engine Components\DAL;C:\Program Files (x86)\Intel\Intel(R) Management Engine Components\IPT;C:\Program Files\Intel\Intel(R) Management Engine Components\IPT;C:\Program Files (x86)\NVIDIA Corporation\PhysX\Common;C:\Program Files\Git\cmd;C:\Program Files\PuTTY\;C:\liquibase-3.5.5-bin;C:\Users\abhilash.sharma\AppData\Local\Android\Sdk\tools;C:\Users\abhilash.sharma\AppData\Local\Android\Sdk\platform-tools;C:\Users\abhilash.sharma\AppData\Local\Android\Sdk\tools\bin;C:\Program Files (x86)\Maven\bin;C:\Program Files\nodejs\;C:\Program Files\IBM\Cloud\bin;C:\Users\abhilash.sharma\.bluemix\pl;C:\Users\abhilash.sharma\s;C:\WINDOWS\system32;C:\WINDOWS;C:\WINDOWS\System32\Wbem;C:\WINDOWS\System32\WindowsPowerShell\v1.0\;C:\Program Files\allure-2.6.0\bin;;C:\Program Files\Microsoft VS Code\bin;C:\Ruby25-x64\bin;C:\Users\abhilash.sharma\scoop\shims;C:\Users\abhilash.sharma\AppData\Local\Programs\Python\Python36-32\Scripts\;C:\Users\abhilash.sharma\AppData\Local\Programs\Python\Python36-32\;C:\Users\abhilash.sharma\AppData\Local\Microsoft\WindowsApps;C:\Users\abhilash.sharma\AppData\Local\GitHubDesktop\bin;C:\Program Files\Java\jdk1.8.0_161;C:\Users\abhilash.sharma\scoop\apps\allure\current\bin;C:\Users\abhilash.sharma\AppData\Roaming\npm;C:\Users\abhilash.sharma\AppData\Local\Programs\Fiddler;%USERPROFILE%\AppData\Local\Microsoft\WindowsApps;."/>
    <property name="java.vm.info" value="mixed mode"/>
    <property name="java.vendor" value="Oracle Corporation"/>
    <property name="java.vm.version" value="25.161-b12"/>
    <property name="java.ext.dirs" value="C:\Program Files\Java\jdk1.8.0_161\jre\lib\ext;C:\WINDOWS\Sun\Java\lib\ext"/>
    <property name="sun.io.unicode.encoding" value="UnicodeLittle"/>
    <property name="java.class.version" value="52.0"/>
  </properties>
  <testcase name="feature" classname="com.selenium.tests.TestRunner" time="21.315">
    <failure message="java.lang.AssertionError: The following asserts failed:&#10;	Not a valid addition: 12" type="cucumber.runtime.CucumberException">cucumber.runtime.CucumberException: 
java.lang.AssertionError: The following asserts failed:
	Not a valid addition: 12
Caused by: java.lang.AssertionError: 
The following asserts failed:
	Not a valid addition: 12
</failure>
    <system-out><![CDATA[#Author: abhilash.sharma@sonetel.com
Feature: Demo Web App Login
  This feature deals with the login functionality and basic element checks
2018-07-30 00:05:55 INFO  TestBase:58 - Starting tests on chrome browser.
2018-07-30 00:06:00 INFO  TestBase:111 - Driver initialization completed.
2018-07-30 00:06:00 INFO  MainPage:29 - Verifying Main Page Elements.
2018-07-30 00:06:00 INFO  ReusableFunctions:60 - [[ChromeDriver: chrome on XP (30281e60abf4c4db8257afbe211481b8)] -> xpath: //input[@id='user-message']]: element is displayed.
2018-07-30 00:06:00 INFO  ReusableFunctions:60 - [[ChromeDriver: chrome on XP (30281e60abf4c4db8257afbe211481b8)] -> xpath: //button[text()='Show Message']]: element is displayed.
2018-07-30 00:06:00 INFO  ReusableFunctions:60 - [[ChromeDriver: chrome on XP (30281e60abf4c4db8257afbe211481b8)] -> xpath: //input[@id='sum1']]: element is displayed.
2018-07-30 00:06:00 INFO  ReusableFunctions:60 - [[ChromeDriver: chrome on XP (30281e60abf4c4db8257afbe211481b8)] -> xpath: //input[@id='sum2']]: element is displayed.
2018-07-30 00:06:00 INFO  ReusableFunctions:60 - [[ChromeDriver: chrome on XP (30281e60abf4c4db8257afbe211481b8)] -> xpath: //button[text()='Get Total']]: element is displayed.
2018-07-30 00:06:00 INFO  MainPage:39 - All Main Page Elements Displayed.
&amp#27;[34mScenario passed !!&amp#27;[0m

  @sanity
  Scenario: Verify Main Screen Elements  &amp#27;[90m# DemoAppTest.feature:6&amp#27;[0m
    &amp#27;[32mGiven &amp#27;[0m&amp#27;[32mLaunch the demo site&amp#27;[0m           &amp#27;[90m# CucumberStepDefs.launch_the_demo_site()&amp#27;[0m
    &amp#27;[32mThen &amp#27;[0m&amp#27;[32mVerify all main screen elements&amp#27;[0m &amp#27;[90m# CucumberStepDefs.verify_all_main_screen_elements()&amp#27;[0m

  @sanity
  Scenario Outline: Verify Valid User Input      &amp#27;[90m# DemoAppTest.feature:11&amp#27;[0m
    &amp#27;[36mGiven &amp#27;[0m&amp#27;[36mLaunch the demo site&amp#27;[0m
    &amp#27;[36mAnd &amp#27;[0m&amp#27;[36mVerify Valid User Input "<Text_Message>"&amp#27;[0m

    Examples: 
2018-07-30 00:06:00 INFO  TestBase:58 - Starting tests on chrome browser.
2018-07-30 00:06:05 INFO  TestBase:111 - Driver initialization completed.
2018-07-30 00:06:05 INFO  MainPage:56 - Verifying Valid User Input.
2018-07-30 00:06:05 INFO  ReusableFunctions:158 - Actual Text From Application Web UI --> :: Welcome Selenium Learner
2018-07-30 00:06:05 INFO  ReusableFunctions:159 - Expected Text From Application Web UI --> :: Welcome Selenium Learner
2018-07-30 00:06:05 INFO  ReusableFunctions:162 - ### VERIFICATION TEXT MATCHED !!!
&amp#27;[34mScenario passed !!&amp#27;[0m

  @sanity
  Scenario Outline: Verify Valid User Input                &amp#27;[90m# DemoAppTest.feature:17&amp#27;[0m
    &amp#27;[32mGiven &amp#27;[0m&amp#27;[32mLaunch the demo site&amp#27;[0m                             &amp#27;[90m# CucumberStepDefs.launch_the_demo_site()&amp#27;[0m
    &amp#27;[32mAnd &amp#27;[0m&amp#27;[32mVerify Valid User Input "&amp#27;[0m&amp#27;[32m&amp#27;[1mWelcome Selenium Learner&amp#27;[0m&amp#27;[32m"&amp#27;[0m &amp#27;[90m# CucumberStepDefs.verify_Valid_User_Input(String)&amp#27;[0m

  @sanity
  Scenario Outline: Verify Valid Addition                                                               &amp#27;[90m# DemoAppTest.feature:21&amp#27;[0m
    &amp#27;[36mGiven &amp#27;[0m&amp#27;[36mLaunch the demo site&amp#27;[0m
    &amp#27;[36mAnd &amp#27;[0m&amp#27;[36mVerify Valid Addition with numA "<Number_A>" numB "<Number_B>" and expected result "<Expected>"&amp#27;[0m

    Examples: 
2018-07-30 00:06:06 INFO  TestBase:58 - Starting tests on chrome browser.
2018-07-30 00:06:10 INFO  TestBase:111 - Driver initialization completed.
2018-07-30 00:06:10 INFO  MainPage:76 - Verifying Addition Functionality.
2018-07-30 00:06:10 INFO  ReusableFunctions:158 - Actual Text From Application Web UI --> :: 15
2018-07-30 00:06:10 INFO  ReusableFunctions:159 - Expected Text From Application Web UI --> :: 15
2018-07-30 00:06:10 INFO  ReusableFunctions:162 - ### VERIFICATION TEXT MATCHED !!!
&amp#27;[34mScenario passed !!&amp#27;[0m

  @sanity
  Scenario Outline: Verify Valid Addition                                      &amp#27;[90m# DemoAppTest.feature:28&amp#27;[0m
    &amp#27;[32mGiven &amp#27;[0m&amp#27;[32mLaunch the demo site&amp#27;[0m                                                 &amp#27;[90m# CucumberStepDefs.launch_the_demo_site()&amp#27;[0m
    &amp#27;[32mAnd &amp#27;[0m&amp#27;[32mVerify Valid Addition with numA "&amp#27;[0m&amp#27;[32m&amp#27;[1m5&amp#27;[0m&amp#27;[32m" numB "&amp#27;[0m&amp#27;[32m&amp#27;[1m10&amp#27;[0m&amp#27;[32m" and expected result "&amp#27;[0m&amp#27;[32m&amp#27;[1m15&amp#27;[0m&amp#27;[32m"&amp#27;[0m &amp#27;[90m# CucumberStepDefs.verify_Valid_Addition_with_numA_numB_and_expected_result(String,String,String)&amp#27;[0m
2018-07-30 00:06:11 INFO  TestBase:58 - Starting tests on chrome browser.
2018-07-30 00:06:15 INFO  TestBase:111 - Driver initialization completed.
2018-07-30 00:06:15 INFO  MainPage:76 - Verifying Addition Functionality.
2018-07-30 00:06:15 INFO  ReusableFunctions:158 - Actual Text From Application Web UI --> :: 11
2018-07-30 00:06:15 INFO  ReusableFunctions:159 - Expected Text From Application Web UI --> :: 12
2018-07-30 00:06:15 ERROR ReusableFunctions:165 - ### VERIFICATION TEXT DOES NOT MATCHED !!!
&amp#27;[34mScenario Failed !!&amp#27;[0m

  @sanity
  Scenario Outline: Verify Valid Addition                                     &amp#27;[90m# DemoAppTest.feature:29&amp#27;[0m
    &amp#27;[32mGiven &amp#27;[0m&amp#27;[32mLaunch the demo site&amp#27;[0m                                                &amp#27;[90m# CucumberStepDefs.launch_the_demo_site()&amp#27;[0m
    &amp#27;[31mAnd &amp#27;[0m&amp#27;[31mVerify Valid Addition with numA "&amp#27;[0m&amp#27;[31m&amp#27;[1m4&amp#27;[0m&amp#27;[31m" numB "&amp#27;[0m&amp#27;[31m&amp#27;[1m7&amp#27;[0m&amp#27;[31m" and expected result "&amp#27;[0m&amp#27;[31m&amp#27;[1m12&amp#27;[0m&amp#27;[31m"&amp#27;[0m &amp#27;[90m# CucumberStepDefs.verify_Valid_Addition_with_numA_numB_and_expected_result(String,String,String)&amp#27;[0m
      &amp#27;[31mjava.lang.AssertionError: The following asserts failed:
      	Not a valid addition: 12
      	at org.testng.asserts.SoftAssert.assertAll(SoftAssert.java:43)
      	at com.selenium.steps.CucumberStepDefs.verify_Valid_Addition_with_numA_numB_and_expected_result(CucumberStepDefs.java:63)
      	at ?.And Verify Valid Addition with numA "4" numB "7" and expected result "12"(DemoAppTest.feature:23)
      &amp#27;[0m
]]></system-out>
    <system-err><![CDATA[Starting ChromeDriver 2.37.543627 (63642262d9fb93fb4ab52398be4286d844092a5e) on port 45179
Only local connections are allowed.
Jul 30, 2018 12:05:58 AM org.openqa.selenium.remote.ProtocolHandshake createSession
INFO: Detected dialect: OSS
Starting ChromeDriver 2.37.543627 (63642262d9fb93fb4ab52398be4286d844092a5e) on port 44287
Only local connections are allowed.
Jul 30, 2018 12:06:02 AM org.openqa.selenium.remote.ProtocolHandshake createSession
INFO: Detected dialect: OSS
Starting ChromeDriver 2.37.543627 (63642262d9fb93fb4ab52398be4286d844092a5e) on port 23302
Only local connections are allowed.
Jul 30, 2018 12:06:08 AM org.openqa.selenium.remote.ProtocolHandshake createSession
INFO: Detected dialect: OSS
Starting ChromeDriver 2.37.543627 (63642262d9fb93fb4ab52398be4286d844092a5e) on port 32985
Only local connections are allowed.
Jul 30, 2018 12:06:12 AM org.openqa.selenium.remote.ProtocolHandshake createSession
INFO: Detected dialect: OSS
]]></system-err>
  </testcase>
</testsuite>