<?xml version="1.0" encoding="UTF-8"?>
<!-- Generated by org.testng.reporters.JUnitXMLReporter -->
<testsuite hostname="SSLT0079" ignored="0" name="Web App Login Tests" tests="1" failures="1" timestamp="29 Jul 2018 18:36:16 GMT" time="21.514" errors="0">
  <testcase name="feature" time="21.219" classname="cucumber.api.testng.AbstractTestNGCucumberTests">
    <failure type="cucumber.runtime.CucumberException" message="java.lang.AssertionError: The following asserts failed:
	Not a valid addition: 12">
      <![CDATA[cucumber.runtime.CucumberException: java.lang.AssertionError: The following asserts failed:
Not a valid addition: 12
at cucumber.api.testng.TestNGCucumberRunner.runCucumber(TestNGCucumberRunner.java:69)
at cucumber.api.testng.AbstractTestNGCucumberTests.feature(AbstractTestNGCucumberTests.java:21)
at java.util.concurrent.FutureTask.run(FutureTask.java:266)
at java.util.concurrent.ThreadPoolExecutor.runWorker(ThreadPoolExecutor.java:1149)
at java.util.concurrent.ThreadPoolExecutor$Worker.run(ThreadPoolExecutor.java:624)
at java.lang.Thread.run(Thread.java:748)
Caused by: java.lang.AssertionError: The following asserts failed:
Not a valid addition: 12
at com.selenium.steps.CucumberStepDefs.verify_Valid_Addition_with_numA_numB_and_expected_result(CucumberStepDefs.java:63)
at âœ½.And Verify Valid Addition with numA "4" numB "7" and expected result "12"(DemoAppTest.feature:23)
... Removed 17 stack frames]]>
    </failure>
  </testcase> <!-- feature -->
</testsuite> <!-- Web App Login Tests -->
